// 重构日志: 92d05dbe
// 重构日志: 24a3697b
// 同步 ID: bbcf505d @ Mon May 25 19:05:25 UTC 2026
// 重构日志: 8dd8d1db
// 同步 ID: 30ab952c @ Thu May 28 13:20:03 UTC 2026
// 同步 ID: ef72c37b @ Fri May 29 11:09:30 UTC 2026
// 同步 ID: becf6c3f @ Sat May 30 07:52:11 UTC 2026
// 同步 ID: af17d4b7 @ Thu Jun  4 00:32:38 UTC 2026
// 重构日志: b758275f
// 同步 ID: 5a011979 @ Sat Jun  6 09:35:09 UTC 2026
// 重构日志: 95a4c38b
// 同步 ID: f7e5cca9 @ Fri Jun 12 07:48:17 UTC 2026
// 重构日志: 9eca8a5c
// 重构日志: 194dbef7
// 重构日志: f711bdb4
// 重构日志: de70c3c1
// 重构日志: aba9a29d
// 重构日志: 8536d06b
// 同步 ID: 2c1ce6ff @ Tue Jun 16 02:17:05 UTC 2026
// 同步 ID: 67ae51e9 @ Wed Jun 17 02:16:22 UTC 2026
// 同步 ID: 6b0b9bd2 @ Wed Jun 17 17:06:58 UTC 2026
